Starting Training of FactorVAE at Wed 10 Sep 2025 11:31:04 AM EDT
Using dataset: qqp
[QQP] loading dataset...
[embed builder] Using model: all-roberta-large-v1 on device cpu
[embed builder] Built embeddings shape: torch.Size([10000, 2048])
Dataset embeddings ready. Starting training...
[epoch 1] mean_abs_offdiag_corr = 0.012440
top correlated pairs (i, j, corr): [(6, 18, 0.046251272034516996), (21, 18, -0.04386839900827075), (4, 1, -0.04089917339564004), (19, 1, -0.04082221520703326), (27, 5, -0.03714194980531227), (19, 0, -0.035748874608592024), (22, 12, -0.0347419147378516), (24, 28, 0.03469838076994829), (22, 4, -0.03444829301485515), (2, 31, -0.03436553679638116)]
[epoch 2] mean_abs_offdiag_corr = 0.012165
top correlated pairs (i, j, corr): [(16, 10, 0.05031657574999039), (26, 7, 0.04902961665603338), (11, 9, 0.04440535160115705), (8, 24, -0.043011902355840674), (18, 16, -0.042080299873280845), (31, 7, 0.03939044297005774), (11, 29, -0.03825645390212337), (2, 12, -0.03663573869214567), (9, 5, 0.035539451409413426), (5, 17, -0.03539362714354642)]
[epoch 3] mean_abs_offdiag_corr = 0.012160
top correlated pairs (i, j, corr): [(11, 2, 0.044363863090178896), (1, 25, -0.0430670280314228), (5, 25, -0.042118795160326766), (13, 1, -0.03932876051261268), (23, 3, -0.03742388644524929), (27, 14, -0.03506705539646769), (27, 17, 0.03495271936662397), (31, 1, -0.03432265821830468), (11, 18, -0.033368153417574625), (8, 5, 0.03310106297265027)]
[epoch 4] mean_abs_offdiag_corr = 0.011945
top correlated pairs (i, j, corr): [(10, 1, 0.0524963962247058), (14, 0, -0.041761892766743094), (10, 4, 0.04098603991912197), (13, 8, -0.040969663970763764), (6, 18, -0.03773144640860559), (22, 23, -0.037670086315322114), (18, 10, -0.03614921911053205), (26, 19, -0.03583145782260233), (2, 20, 0.03453562160183281), (28, 11, 0.03358081494642546)]
[epoch 5] mean_abs_offdiag_corr = 0.013102
top correlated pairs (i, j, corr): [(26, 13, -0.04815714879472395), (14, 6, 0.04240342872513436), (9, 13, -0.041702478056607595), (12, 3, -0.04138160190181419), (7, 9, 0.03919979128704497), (1, 18, -0.039166622205222594), (30, 12, -0.0374235505554806), (8, 15, -0.03719549644062827), (16, 12, 0.036738993932433794), (5, 17, -0.035833335208444415)]
[epoch 6] mean_abs_offdiag_corr = 0.012456
top correlated pairs (i, j, corr): [(2, 23, -0.04478113436443043), (10, 27, 0.04132727931256015), (5, 16, 0.04107479585994829), (17, 3, 0.04005223023466135), (15, 10, -0.03934392766662202), (6, 11, -0.03911572268678238), (21, 19, -0.03892021091107898), (20, 22, 0.038642947479941576), (28, 19, -0.037757286164872596), (16, 22, 0.03752010119026612)]
[epoch 7] mean_abs_offdiag_corr = 0.012198
top correlated pairs (i, j, corr): [(17, 24, -0.05273625190767717), (0, 26, -0.05033591351643963), (24, 7, 0.03942761309815516), (27, 21, -0.038833932931820185), (11, 24, -0.03752010641655367), (0, 4, 0.03709160979128179), (18, 10, 0.03660867009801117), (19, 8, 0.03629217276724385), (18, 29, -0.03553184308530569), (19, 22, -0.03503150439108829)]
[epoch 8] mean_abs_offdiag_corr = 0.012519
top correlated pairs (i, j, corr): [(0, 6, 0.04352762607557549), (7, 20, -0.040821221111928), (29, 22, -0.040746258799973116), (5, 17, 0.038603892382199204), (29, 31, -0.0383313598500705), (4, 27, 0.03789248403345383), (18, 19, -0.03758481972564936), (24, 5, -0.037321477207460714), (30, 19, -0.03711584942429579), (21, 17, 0.034914003391990425)]
[epoch 9] mean_abs_offdiag_corr = 0.012462
top correlated pairs (i, j, corr): [(23, 14, -0.049850422135186326), (26, 0, 0.04285679339522884), (13, 16, 0.04170742626463796), (21, 28, 0.0405410794538823), (15, 20, -0.04010370430745497), (10, 8, 0.03991479936540859), (21, 29, 0.03978290016011397), (5, 23, 0.03794542062023699), (14, 9, -0.0379089861478598), (28, 4, 0.03731019426731463)]
[epoch 10] mean_abs_offdiag_corr = 0.011939
top correlated pairs (i, j, corr): [(10, 23, 0.04284977738048093), (12, 9, 0.04014792298895593), (18, 12, 0.03907962760703764), (0, 30, -0.03675496308958123), (17, 9, -0.03646820346994572), (8, 7, 0.03568563470717273), (4, 24, 0.03537422660195524), (11, 2, -0.034678252239028325), (3, 26, -0.034009068655567666), (5, 12, 0.033293156103362864)]
[epoch 11] mean_abs_offdiag_corr = 0.012526
top correlated pairs (i, j, corr): [(0, 2, 0.049396665712177476), (31, 23, 0.046619384215734715), (29, 30, -0.04172706434375371), (2, 3, 0.040966503679487246), (8, 29, 0.040028434695792675), (24, 19, 0.03917200533615818), (20, 21, 0.037633971102627534), (20, 19, 0.03707585396514303), (0, 27, 0.036868978342119926), (15, 26, 0.03573511322028964)]
[epoch 12] mean_abs_offdiag_corr = 0.012874
top correlated pairs (i, j, corr): [(29, 23, -0.04139539963936111), (26, 1, -0.039202167498796486), (6, 31, 0.038823384972919775), (2, 20, -0.038516023803420514), (22, 6, -0.037374194905995126), (15, 24, -0.0358911060499467), (25, 30, 0.0351079895264888), (1, 5, -0.033383001340225094), (28, 15, -0.032916354240719294), (30, 24, 0.03282821748740606)]
[epoch 13] mean_abs_offdiag_corr = 0.013418
top correlated pairs (i, j, corr): [(19, 8, -0.045452642609774295), (30, 13, -0.041041621019606934), (15, 11, -0.040604728780947626), (24, 0, 0.03992218318892464), (1, 23, -0.03895361098952193), (7, 15, -0.038649580152569425), (11, 31, 0.03828082312270733), (23, 21, -0.03792857736496902), (21, 27, 0.037843507701581194), (25, 6, 0.037637889505111564)]
[epoch 14] mean_abs_offdiag_corr = 0.012358
top correlated pairs (i, j, corr): [(0, 1, 0.06159274554672148), (30, 17, 0.05247050557309496), (0, 4, -0.04669026060079334), (10, 21, 0.04585337234919827), (0, 20, -0.04531959150332763), (28, 24, 0.04429504769485518), (25, 9, -0.0442877503655234), (13, 3, 0.041026686879527735), (12, 28, -0.040719932177055836), (16, 3, -0.04039109150054247)]
[epoch 15] mean_abs_offdiag_corr = 0.012746
top correlated pairs (i, j, corr): [(6, 0, 0.04595831230049462), (15, 7, 0.04206380210095144), (24, 26, -0.039657162411592096), (14, 21, 0.03925174162421628), (3, 18, -0.037824182452387826), (13, 6, 0.03573851929087214), (0, 10, 0.035446202477041916), (12, 25, -0.034769598482858724), (20, 24, -0.03370464814063132), (29, 13, -0.03357305753938133)]
[epoch 16] mean_abs_offdiag_corr = 0.012591
top correlated pairs (i, j, corr): [(1, 14, -0.050877031744776806), (19, 20, -0.04898562355532502), (31, 29, 0.03992066073182239), (6, 16, -0.039147037698755105), (17, 29, -0.0384078368788665), (30, 18, -0.03756569581844559), (16, 4, -0.03734254115343378), (7, 18, -0.03733869822340633), (21, 28, 0.037257438449811546), (25, 5, 0.03707180331095435)]
[epoch 17] mean_abs_offdiag_corr = 0.012444
top correlated pairs (i, j, corr): [(15, 16, 0.04567487599911807), (23, 14, -0.04142084816275024), (3, 18, 0.04128461904551556), (8, 17, 0.04108551466998063), (25, 17, -0.040912724957044726), (28, 10, 0.04074202828540023), (13, 2, -0.04022075612726912), (1, 30, -0.0391765854383022), (13, 9, -0.03869740219424676), (8, 5, 0.036760758686036475)]
[epoch 18] mean_abs_offdiag_corr = 0.012822
top correlated pairs (i, j, corr): [(17, 25, -0.04638473831167651), (23, 28, -0.04582648248556329), (8, 6, -0.043056177549504686), (26, 16, 0.04279174168870303), (0, 22, 0.04251327454144185), (14, 12, -0.03944226561065042), (7, 22, -0.03903442132510159), (19, 2, -0.0381684840411611), (4, 2, -0.036789221989461), (21, 27, 0.03661876107681104)]
[epoch 19] mean_abs_offdiag_corr = 0.012308
top correlated pairs (i, j, corr): [(17, 28, -0.05066969821475168), (17, 20, -0.04544672177204332), (23, 15, 0.04009062831560661), (29, 27, -0.039937729003906366), (14, 9, 0.03955578097840008), (0, 3, 0.039291200896729515), (22, 26, 0.039275740493220114), (13, 27, -0.03922219429646537), (17, 13, -0.03897207220238556), (6, 0, 0.03797353378950079)]
[epoch 20] mean_abs_offdiag_corr = 0.012711
top correlated pairs (i, j, corr): [(28, 8, -0.047816077867150676), (16, 27, 0.04550613108598382), (2, 5, -0.042164561359204523), (4, 5, 0.041446078066907054), (20, 27, -0.04131940387354002), (8, 5, 0.04129021382107291), (2, 20, 0.04022107914385203), (2, 3, 0.03965333605528796), (2, 24, -0.03744741272068661), (16, 14, -0.03615446072999484)]
Training finished. Checkpoints saved to: factorvae_qqp_ckpts
Finished Training of FactorVAE at Wed 10 Sep 2025 12:01:33 PM EDT
